<testsuite errors="0" failures="0" name="Django Project Tests" skips="0" tests="17" time="0.103"><testcase classname="crud.tests.BookTestCase" name="test_crear_nuevo_libro" time="0.001787" /><testcase classname="crud.tests.BookTestCase" name="test_editar_libro" time="0.002449" /><testcase classname="crud.tests.FunctionsTestCase" name="test_agregar_carrito" time="0.001479" /><testcase classname="crud.tests.FunctionsTestCase" name="test_agregar_carrito_max_libro" time="0.001294" /><testcase classname="crud.tests.FunctionsTestCase" name="test_agregar_carrito_no_libro" time="0.000954" /><testcase classname="crud.tests.FunctionsTestCase" name="test_agregar_carrito_nuevo" time="0.001688" /><testcase classname="crud.tests.FunctionsTestCase" name="test_buscar_libro_con_resultados" time="0.002620" /><testcase classname="crud.tests.FunctionsTestCase" name="test_buscar_libro_sin_resultados" time="0.001785" /><testcase classname="crud.tests.FunctionsTestCase" name="test_calcular_subtotal_carrito_cero" time="0.000952" /><testcase classname="crud.tests.FunctionsTestCase" name="test_calcular_subtotal_carrito_nada" time="0.001225" /><testcase classname="crud.tests.FunctionsTestCase" name="test_calcular_subtotal_carrito_vacio" time="0.000951" /><testcase classname="crud.tests.ViewsTestCase" name="test_add_view" time="0.055762" /><testcase classname="crud.tests.ViewsTestCase" name="test_create_view" time="0.012117" /><testcase classname="crud.tests.ViewsTestCase" name="test_delete_view" time="0.002980" /><testcase classname="crud.tests.ViewsTestCase" name="test_edit_view" time="0.002339" /><testcase classname="crud.tests.ViewsTestCase" name="test_index_view" time="0.004159" /><testcase classname="crud.tests.ViewsTestCase" name="test_update_view" time="0.002300" /></testsuite>