<testsuite errors="0" failures="0" name="Django Project Tests" skips="0" tests="17" time="0.118"><testcase classname="crud.tests.BookTestCase" name="test_crear_nuevo_libro" time="0.001806" /><testcase classname="crud.tests.BookTestCase" name="test_editar_libro" time="0.002360" /><testcase classname="crud.tests.FunctionsTestCase" name="test_agregar_carrito" time="0.001427" /><testcase classname="crud.tests.FunctionsTestCase" name="test_agregar_carrito_max_libro" time="0.001312" /><testcase classname="crud.tests.FunctionsTestCase" name="test_agregar_carrito_no_libro" time="0.001016" /><testcase classname="crud.tests.FunctionsTestCase" name="test_agregar_carrito_nuevo" time="0.001643" /><testcase classname="crud.tests.FunctionsTestCase" name="test_buscar_libro_con_resultados" time="0.002240" /><testcase classname="crud.tests.FunctionsTestCase" name="test_buscar_libro_sin_resultados" time="0.001801" /><testcase classname="crud.tests.FunctionsTestCase" name="test_calcular_subtotal_carrito_cero" time="0.000952" /><testcase classname="crud.tests.FunctionsTestCase" name="test_calcular_subtotal_carrito_nada" time="0.001273" /><testcase classname="crud.tests.FunctionsTestCase" name="test_calcular_subtotal_carrito_vacio" time="0.000947" /><testcase classname="crud.tests.ViewsTestCase" name="test_add_view" time="0.048761" /><testcase classname="crud.tests.ViewsTestCase" name="test_create_view" time="0.010742" /><testcase classname="crud.tests.ViewsTestCase" name="test_delete_view" time="0.005847" /><testcase classname="crud.tests.ViewsTestCase" name="test_edit_view" time="0.013584" /><testcase classname="crud.tests.ViewsTestCase" name="test_index_view" time="0.005964" /><testcase classname="crud.tests.ViewsTestCase" name="test_update_view" time="0.009112" /></testsuite>