<testsuite errors="0" failures="0" name="Django Project Tests" skips="0" tests="11" time="0.087"><testcase classname="crud.tests.BookTestCase" name="test_crear_nuevo_libro" time="0.001785" /><testcase classname="crud.tests.BookTestCase" name="test_editar_libro" time="0.002316" /><testcase classname="crud.tests.FunctionsTestCase" name="test_agregar_carrito" time="0.001402" /><testcase classname="crud.tests.FunctionsTestCase" name="test_agregar_carrito_no_libro" time="0.001329" /><testcase classname="crud.tests.FunctionsTestCase" name="test_agregar_carrito_nuevo" time="0.001215" /><testcase classname="crud.tests.ViewsTestCase" name="test_add_view" time="0.051130" /><testcase classname="crud.tests.ViewsTestCase" name="test_create_view" time="0.011074" /><testcase classname="crud.tests.ViewsTestCase" name="test_delete_view" time="0.002873" /><testcase classname="crud.tests.ViewsTestCase" name="test_edit_view" time="0.002586" /><testcase classname="crud.tests.ViewsTestCase" name="test_index_view" time="0.004942" /><testcase classname="crud.tests.ViewsTestCase" name="test_update_view" time="0.002277" /></testsuite>