<testsuite errors="0" failures="0" name="Django Project Tests" skips="0" tests="14" time="0.095"><testcase classname="crud.tests.BookTestCase" name="test_crear_nuevo_libro" time="0.001755" /><testcase classname="crud.tests.BookTestCase" name="test_editar_libro" time="0.002421" /><testcase classname="crud.tests.FunctionsTestCase" name="test_agregar_carrito" time="0.002055" /><testcase classname="crud.tests.FunctionsTestCase" name="test_agregar_carrito_max_libro" time="0.002064" /><testcase classname="crud.tests.FunctionsTestCase" name="test_agregar_carrito_no_libro" time="0.001516" /><testcase classname="crud.tests.FunctionsTestCase" name="test_agregar_carrito_nuevo" time="0.001245" /><testcase classname="crud.tests.FunctionsTestCase" name="test_calcular_subtotal_carrito_nada" time="0.001235" /><testcase classname="crud.tests.FunctionsTestCase" name="test_calcular_subtotal_carrito_vacio" time="0.001033" /><testcase classname="crud.tests.ViewsTestCase" name="test_add_view" time="0.050966" /><testcase classname="crud.tests.ViewsTestCase" name="test_create_view" time="0.011099" /><testcase classname="crud.tests.ViewsTestCase" name="test_delete_view" time="0.003485" /><testcase classname="crud.tests.ViewsTestCase" name="test_edit_view" time="0.002284" /><testcase classname="crud.tests.ViewsTestCase" name="test_index_view" time="0.005281" /><testcase classname="crud.tests.ViewsTestCase" name="test_update_view" time="0.002318" /></testsuite>