<testsuite errors="0" failures="0" name="Django Project Tests" skips="0" tests="5" time="0.051"><testcase classname="crud.tests.BookTestCase" name="test_crear_nuevo_libro" time="0.002019" /><testcase classname="crud.tests.BookTestCase" name="test_editar_libro" time="0.000997" /><testcase classname="crud.tests.FunctionsTestCase" name="test_agregar_carrito" time="0.008187" /><testcase classname="crud.tests.FunctionsTestCase" name="test_calcular_subtotal_carrito_vacio" time="0.001575" /><testcase classname="crud.tests.ViewsTestCase" name="test_index_view" time="0.034565" /></testsuite>