<testsuite errors="0" failures="0" name="Django Project Tests" skips="0" tests="17" time="0.117"><testcase classname="crud.tests.BookTestCase" name="test_crear_nuevo_libro" time="0.001775" /><testcase classname="crud.tests.BookTestCase" name="test_editar_libro" time="0.002418" /><testcase classname="crud.tests.FunctionsTestCase" name="test_agregar_carrito" time="0.001556" /><testcase classname="crud.tests.FunctionsTestCase" name="test_agregar_carrito_max_libro" time="0.001290" /><testcase classname="crud.tests.FunctionsTestCase" name="test_agregar_carrito_no_libro" time="0.001873" /><testcase classname="crud.tests.FunctionsTestCase" name="test_agregar_carrito_nuevo" time="0.002088" /><testcase classname="crud.tests.FunctionsTestCase" name="test_buscar_libro_con_resultados" time="0.002184" /><testcase classname="crud.tests.FunctionsTestCase" name="test_buscar_libro_sin_resultados" time="0.001692" /><testcase classname="crud.tests.FunctionsTestCase" name="test_calcular_subtotal_carrito_cero" time="0.000968" /><testcase classname="crud.tests.FunctionsTestCase" name="test_calcular_subtotal_carrito_nada" time="0.001262" /><testcase classname="crud.tests.FunctionsTestCase" name="test_calcular_subtotal_carrito_vacio" time="0.000959" /><testcase classname="crud.tests.ViewsTestCase" name="test_add_view" time="0.048848" /><testcase classname="crud.tests.ViewsTestCase" name="test_create_view" time="0.013229" /><testcase classname="crud.tests.ViewsTestCase" name="test_delete_view" time="0.005641" /><testcase classname="crud.tests.ViewsTestCase" name="test_edit_view" time="0.013657" /><testcase classname="crud.tests.ViewsTestCase" name="test_index_view" time="0.005524" /><testcase classname="crud.tests.ViewsTestCase" name="test_update_view" time="0.004795" /></testsuite>