<testsuite errors="0" failures="0" name="Django Project Tests" skips="0" tests="9" time="0.083"><testcase classname="crud.tests.BookTestCase" name="test_crear_nuevo_libro" time="0.001783" /><testcase classname="crud.tests.BookTestCase" name="test_editar_libro" time="0.002470" /><testcase classname="crud.tests.FunctionsTestCase" name="test_agregar_carrito" time="0.001869" /><testcase classname="crud.tests.ViewsTestCase" name="test_add_view" time="0.050006" /><testcase classname="crud.tests.ViewsTestCase" name="test_create_view" time="0.011113" /><testcase classname="crud.tests.ViewsTestCase" name="test_delete_view" time="0.003175" /><testcase classname="crud.tests.ViewsTestCase" name="test_edit_view" time="0.002292" /><testcase classname="crud.tests.ViewsTestCase" name="test_index_view" time="0.004012" /><testcase classname="crud.tests.ViewsTestCase" name="test_update_view" time="0.002210" /></testsuite>