<testsuite errors="0" failures="0" name="Django Project Tests" skips="0" tests="12" time="0.089"><testcase classname="crud.tests.BookTestCase" name="test_crear_nuevo_libro" time="0.001775" /><testcase classname="crud.tests.BookTestCase" name="test_editar_libro" time="0.002301" /><testcase classname="crud.tests.FunctionsTestCase" name="test_agregar_carrito" time="0.001387" /><testcase classname="crud.tests.FunctionsTestCase" name="test_agregar_carrito_max_libro" time="0.001259" /><testcase classname="crud.tests.FunctionsTestCase" name="test_agregar_carrito_no_libro" time="0.001004" /><testcase classname="crud.tests.FunctionsTestCase" name="test_agregar_carrito_nuevo" time="0.001490" /><testcase classname="crud.tests.ViewsTestCase" name="test_add_view" time="0.051516" /><testcase classname="crud.tests.ViewsTestCase" name="test_create_view" time="0.010694" /><testcase classname="crud.tests.ViewsTestCase" name="test_delete_view" time="0.002757" /><testcase classname="crud.tests.ViewsTestCase" name="test_edit_view" time="0.002541" /><testcase classname="crud.tests.ViewsTestCase" name="test_index_view" time="0.005039" /><testcase classname="crud.tests.ViewsTestCase" name="test_update_view" time="0.002228" /></testsuite>