<testsuite errors="0" failures="0" name="Django Project Tests" skips="0" tests="12" time="0.027"><testcase classname="crud.tests.BookTestCase" name="test_buscar_libro" time="0.000998" /><testcase classname="crud.tests.BookTestCase" name="test_crear_nuevo_libro" time="0.000000" /><testcase classname="crud.tests.BookTestCase" name="test_editar_libro" time="0.000000" /><testcase classname="crud.tests.FunctionsTestCase" name="test_agregar_carrito" time="0.000997" /><testcase classname="crud.tests.FunctionsTestCase" name="test_agregar_libro_a_carrito_lleno" time="0.002992" /><testcase classname="crud.tests.FunctionsTestCase" name="test_buscar_libros_por_autor" time="0.000000" /><testcase classname="crud.tests.FunctionsTestCase" name="test_buscar_libros_por_autor_no_existente" time="0.000998" /><testcase classname="crud.tests.FunctionsTestCase" name="test_calcular_subtotal_carrito" time="0.000997" /><testcase classname="crud.tests.FunctionsTestCase" name="test_calcular_subtotal_carrito_vacio" time="0.000000" /><testcase classname="crud.tests.FunctionsTestCase" name="test_no_agregar_libro_a_carrito" time="0.000000" /><testcase classname="crud.tests.ViewsTestCase" name="test_create_view" time="0.000000" /><testcase classname="crud.tests.ViewsTestCase" name="test_index_view" time="0.014960" /></testsuite>